[program:, null]
[{, null]
[numar, null]
[ID, a]
[,, null]
[ID, b]
[,, null]
[ID, c]
[,, null]
[ID, max]
[;, null]
[ID, a]
[=, null]
[CONST, 2]
[;, null]
[ID, b]
[=, null]
[CONST, 5]
[;, null]
[ID, c]
[=, null]
[CONST, 4]
[;, null]
[daca, null]
[(, null]
[ID, a]
[>=, null]
[ID, b]
[&&, null]
[ID, a]
[>=, null]
[ID, c]
[), null]
[{, null]
[ID, max]
[=, null]
[ID, a]
[;, null]
[}, null]
[altfel, null]
[daca, null]
[(, null]
[ID, b]
[>=, null]
[ID, a]
[&&, null]
[ID, b]
[>=, null]
[ID, c]
[), null]
[{, null]
[ID, max]
[=, null]
[ID, b]
[;, null]
[}, null]
[altfel, null]
[daca, null]
[(, null]
[ID, c]
[>=, null]
[ID, a]
[&&, null]
[ID, c]
[>=, null]
[ID, b]
[), null]
[{, null]
[ID, max]
[=, null]
[ID, c]
[;, null]
[}, null]
[tipareste, null]
[(, null]
[CONST, "Rezultatul este "]
[), null]
[;, null]
[tipareste, null]
[(, null]
[ID, max]
[), null]
[;, null]
[}, null]
